2018-04-16 05:31:19,769:38:INFO:[*] Load system config
2018-04-16 05:31:47,628:38:INFO:[*] Load system config
2018-04-16 05:32:30,977:38:INFO:[*] Load system config
2018-04-16 05:32:40,214:74:INFO:[*] System start
2018-04-16 05:32:40,215:58:INFO:[*] Init system
2018-04-16 05:38:32,623:38:INFO:[*] Load system config
2018-04-16 05:38:38,870:75:INFO:[*] System start
2018-04-16 05:40:43,990:38:INFO:[*] Load system config
2018-04-16 05:40:45,486:75:INFO:[*] System start
2018-04-16 05:40:45,486:59:INFO:[*] Init system
2018-04-16 05:45:20,190:38:INFO:[*] Load system config
2018-04-16 05:45:22,885:75:INFO:[*] System start
2018-04-16 05:45:48,703:38:INFO:[*] Load system config
2018-04-16 05:45:50,422:75:INFO:[*] System start
2018-04-16 05:48:23,761:38:INFO:[*] Load system config
2018-04-16 05:50:20,942:38:INFO:[*] Load system config
2018-04-16 05:50:45,765:38:INFO:[*] Load system config
2018-04-16 05:51:17,730:38:INFO:[*] Load system config
2018-04-16 05:52:01,066:38:INFO:[*] Load system config
2018-04-16 05:52:02,844:80:INFO:[*] System start
2018-04-16 05:52:02,845:64:INFO:[*] Init system
2018-04-16 05:55:09,928:39:INFO:[*] Load system config
2018-04-16 05:55:20,887:39:INFO:[*] Load system config
2018-04-16 06:00:31,498:38:INFO:[*] Load system config
2018-04-16 06:00:36,501:75:INFO:[*] System start
2018-04-16 06:00:36,503:59:INFO:[*] Init system
2018-04-16 06:01:08,949:38:INFO:[*] Load system config
2018-04-16 06:01:10,925:75:INFO:[*] System start
2018-04-16 06:01:10,926:59:INFO:[*] Init system
<<<<<<< HEAD
2018-05-08 22:20:47,638:38:INFO:[*] Load system config
2018-05-08 22:20:49,697:75:INFO:[*] System start
2018-05-08 22:20:49,697:59:INFO:[*] Init system
2018-05-08 22:21:26,139:38:INFO:[*] Load system config
2018-05-08 22:21:27,387:75:INFO:[*] System start
2018-05-08 22:21:27,387:59:INFO:[*] Init system
=======
2018-05-06 23:16:33,310:40:INFO:[*] Load system config
2018-05-06 23:16:41,608:80:INFO:[*] System start
2018-05-06 23:16:41,608:63:INFO:[*] Init system
2018-05-06 23:17:00,532:40:INFO:[*] Load system config
2018-05-06 23:17:02,725:80:INFO:[*] System start
2018-05-06 23:17:02,725:63:INFO:[*] Init system
2018-05-06 23:19:25,239:40:INFO:[*] Load system config
2018-05-06 23:48:46,953:80:INFO:[*] System start
2018-05-06 23:48:46,954:63:INFO:[*] Init system
2018-05-06 23:49:24,546:40:INFO:[*] Load system config
2018-05-06 23:49:26,536:79:INFO:[*] System start
2018-05-06 23:49:26,537:63:INFO:[*] Init system
2018-05-06 23:50:58,615:40:INFO:[*] Load system config
2018-05-06 23:52:09,550:79:INFO:[*] System start
2018-05-06 23:52:09,551:63:INFO:[*] Init system
2018-05-06 23:52:11,566:79:INFO:[*] System start
2018-05-06 23:52:11,567:63:INFO:[*] Init system
2018-05-06 23:52:12,685:79:INFO:[*] System start
2018-05-06 23:52:12,686:63:INFO:[*] Init system
2018-05-06 23:52:13,068:79:INFO:[*] System start
2018-05-06 23:52:13,069:63:INFO:[*] Init system
2018-05-06 23:52:13,260:79:INFO:[*] System start
2018-05-06 23:52:13,260:63:INFO:[*] Init system
2018-05-06 23:52:13,444:79:INFO:[*] System start
2018-05-06 23:52:13,445:63:INFO:[*] Init system
2018-05-06 23:52:13,628:79:INFO:[*] System start
2018-05-06 23:52:13,629:63:INFO:[*] Init system
>>>>>>> dd1f034ae75a5de9bce9f67840cf40507d126447
